2022-12-09T11:25:29.211Z [Access Fuction!] info: Error Info Year by function getAll  Send params by {}
2022-12-09T11:25:29.339Z [Access Fuction!] warn: Warn Call Year by function getAll  Send params by {}
2022-12-09T11:58:34.684Z [Access Fuction!] info: Error Info Year by function getAll  Send params by {}
2022-12-09T11:58:34.711Z [Access Fuction!] warn: Warn Call Year by function getAll  Send params by {}
2022-12-09T11:59:30.329Z [Access Fuction!] info: Error Info Year by function getAll  Send params by {}
2022-12-09T11:59:30.351Z [Access Fuction!] warn: Warn Call Year by function getAll  Send params by {}
2022-12-09T12:03:54.147Z [Access Fuction!] info: Error Info Year by function getAll  Send params by {}
2022-12-09T12:34:06.878Z [Access Fuction!] info: Error Info Year by function getAll  Send params by {}
2022-12-09T12:34:06.902Z [Access Fuction!] warn: Warn Call Year by function getAll  Send params by {}
2022-12-09T12:35:17.651Z [Access Fuction!] info: Error Info Year by function getAll  Send params by {}
2022-12-09T12:43:04.323Z [Access Fuction!] info: Info Call Year by function getHospitalCode  Send params by {"id":":id"}
2022-12-09T12:43:04.351Z [Access Fuction!] warn: Warn Call Year by function updateData  Send params by {"id":":id"}
2022-12-09T12:43:49.041Z [Access Fuction!] info: Info Call Year by function getHospitalCode  Send params by {"id":":id"}
2022-12-09T12:43:49.061Z [Access Fuction!] warn: Warn Call Year by function updateData  Send params by {"id":":id"}
2022-12-09T12:44:30.288Z [Access Fuction!] info: Info Call Year by function getHospitalCode  Send params by {"id":":id"}
2022-12-09T12:44:30.310Z [Access Fuction!] warn: Warn Call Year by function updateData  Send params by {"id":":id"}
2022-12-09T12:44:32.482Z [Access Fuction!] info: Info Call Year by function getHospitalCode  Send params by {"id":":id"}
2022-12-09T12:44:32.487Z [Access Fuction!] warn: Warn Call Year by function updateData  Send params by {"id":":id"}
2022-12-09T12:44:33.220Z [Access Fuction!] info: Info Call Year by function getHospitalCode  Send params by {"id":":id"}
2022-12-09T12:44:33.224Z [Access Fuction!] warn: Warn Call Year by function updateData  Send params by {"id":":id"}
2022-12-09T12:44:46.832Z [Access Fuction!] info: Error Info Year by function getAll  Send params by {}
2022-12-09T12:45:07.779Z [Access Fuction!] info: Info Call Year by function getHospitalCode  Send params by {"id":":id"}
2022-12-09T12:45:07.786Z [Access Fuction!] warn: Warn Call Year by function updateData  Send params by {"id":":id"}
2022-12-09T12:47:06.912Z [Access Fuction!] info: Info Call Year by function getHospitalCode  Send params by {"id":":id"}
2022-12-09T12:47:06.933Z [Access Fuction!] warn: Warn Call Year by function updateData  Send params by {"id":":id"}
2022-12-09T12:48:06.128Z [Access Fuction!] info: Info Call Year by function getHospitalCode  Send params by {"id":"1"}
2022-12-09T12:48:25.480Z [Access Fuction!] info: Info Call Year by function getHospitalCode  Send params by {"id":":id"}
2022-12-09T12:48:25.488Z [Access Fuction!] warn: Warn Call Year by function updateData  Send params by {"id":":id"}
2022-12-09T12:49:16.008Z [Access Fuction!] info: Info Call Year by function getHospitalCode  Send params by {"id":"1"}
2022-12-09T12:49:25.321Z [Access Fuction!] info: Info Call Year by function getHospitalCode  Send params by {"name":"พะเยา"}
2022-12-09T13:04:26.616Z [Access Fuction!] info: Info Call Year by function getHospitalCode  Send params by {"id":"1"}
2022-12-09T13:04:54.375Z [Access Fuction!] info: Info Call Year by function getHospitalCode  Send params by {"name":"พะเยา"}
2022-12-09T13:27:00.188Z [Access Fuction!] info: Info Call Year by function SaveData  Send params by {}
2022-12-09T13:28:11.639Z [Access Fuction!] info: Info Call Year by function updateData  Send params by {"id":"99999"}
2022-12-09T13:30:09.717Z [Access Fuction!] info: Info Call Year by function deleteData  Send params by {"id":"99999"}
2022-12-09T13:31:26.879Z [Access Fuction!] info: Info Call Year by function getHospitalCode  Send params by {"name":"พะเยา"}
2022-12-09T13:59:42.219Z [Access Fuction!] info: Error Info Year by function getAll  Send params by {}
2022-12-09T14:00:34.438Z [Access Fuction!] info: Error Info Year by function getAll  Send params by {}
2022-12-09T14:00:59.566Z [Access Fuction!] info: Error Info Year by function getAll  Send params by {}
2022-12-09T14:01:26.902Z [Access Fuction!] info: Error Info Year by function getAll  Send params by {}
2022-12-09T14:01:48.223Z [Access Fuction!] info: Error Info Year by function getAll  Send params by {}
2022-12-09T14:03:55.674Z [Access Fuction!] info: Error Info Year by function getAll  Send params by {}
2022-12-09T14:07:04.115Z [Access Fuction!] info: Error Info Year by function getAll  Send params by {}
2022-12-09T14:07:35.582Z [Access Fuction!] info: Error Info Year by function getAll  Send params by {}
2022-12-09T14:08:03.591Z [Access Fuction!] info: Error Info Year by function getAll  Send params by {}
2022-12-09T14:08:20.186Z [Access Fuction!] info: Error Info Year by function getAll  Send params by {}
2022-12-09T14:08:46.457Z [Access Fuction!] info: Error Info Year by function getAll  Send params by {}
2022-12-09T14:11:13.791Z [Access Fuction!] info: Error Info Year by function getAll  Send params by {}
2022-12-09T14:11:13.824Z [Access Fuction!] info: Info Call Year by function SaveData  Send params by {}
2022-12-09T14:11:32.652Z [Access Fuction!] info: Error Info Year by function getAll  Send params by {}
2022-12-09T14:11:32.685Z [Access Fuction!] info: Info Call Year by function SaveData  Send params by {}
2022-12-09T16:15:07.595Z [Access Fuction!] info: Error Info Year by function getAll  Send params by {}
2022-12-09T16:22:24.036Z [Access Fuction!] info: Error Info Year by function getAll  Send params by {}
2022-12-09T16:23:35.130Z [Access Fuction!] info: Error Info Year by function getAll  Send params by {}
